#-----------------------------------------------------------
# Vivado v2019.1 (64-bit)
# SW Build 2552052 on Fri May 24 14:49:42 MDT 2019
# IP Build 2548770 on Fri May 24 18:01:18 MDT 2019
# Start of session at: Sun Sep  6 14:50:13 2020
# Process ID: 12360
# Current directory: C:/Gac/Projekty/Huffman_2
# Command line: vivado.exe -gui_launcher_event rodinguilauncherevent7484 C:\Gac\Projekty\Huffman_2\Huffman_2.xpr
# Log file: C:/Gac/Projekty/Huffman_2/vivado.log
# Journal file: C:/Gac/Projekty/Huffman_2\vivado.jou
#----------------------------------------------------------ststart_guopopen_project C:/Gac/Projekty/Huffman_2/Huffman_2.xpr
Scanning sources...
Finished scanning sources
INFO: [IP_Flow 19-234] Refreshing IP repositories
INFO: [IP_Flow 19-1704] No user IP repositories specified
INFO: [IP_Flow 19-2313] Loaded Vivado IP repository 'C:/Xilinx/Vivado/2019.1/data/ip'.
open_project: Time (s): cpu = 00:00:26 ; elapsed = 00:00:14 . Memory (MB): peak = 775.379 ; gain = 141.945
update_compile_order -fileset sources_exit
INFO: [Common 17-206] Exiting Vivado at Sun Sep  6 14:51:33 2020...
stêpu do pliku, poniewa¿ jest on u¿ywany przez inny proces: "C:/Gac/Projekty/Huffman_2/Huffman_2.sim/sim_1/behav/xsim/simulate.log"
launch_simulation
boost::filesystem::remove: Proces nie mo¿e uzyskaæ dostêpu do pliku, poniewa¿ jest on u¿ywany przez inny proces: "C:/Gac/Projekty/Huffman_2/Huffman_2.sim/sim_1/behav/xsim/simulate.log"
launch_simulation
boost::filesystem::remove: Proces nie mo¿e uzyskaæ dostêpu do pliku, poniewa¿ jest on u¿ywany przez inny proces: "C:/Gac/Projekty/Huffman_2/Huffman_2.sim/sim_1/behav/xsim/simulate.log"
launch_simulation
boost::filesystem::remove: Proces nie mo¿e uzyskaæ dostêpu do pliku, poniewa¿ jest on u¿ywany przez inny proces: "C:/Gac/Projekty/Huffman_2/Huffman_2.sim/sim_1/behav/xsim/simulate.log"
launch_simulation
boost::filesystem::remove: Proces nie mo¿e uzyskaæ dostêpu do pliku, poniewa¿ jest on u¿ywany przez inny proces: "C:/Gac/Projekty/Huffman_2/Huffman_2.sim/sim_1/behav/xsim/simulate.log"
exit
INFO: [Common 17-206] Exiting Vivado at Sun Sep  6 14:52:01 2020...
