
*** Running vivado
    with args -log mb_design_Huffman_IP_0_0.vds -m64 -product Vivado -mode batch -messageDb vivado.pb -notrace -source mb_design_Huffman_IP_0_0.tcl


****** Vivado v2019.1 (64-bit)
  **** SW Build 2552052 on Fri May 24 14:49:42 MDT 2019
  **** IP Build 2548770 on Fri May 24 18:01:18 MDT 2019
    ** Copyright 1986-2019 Xilinx, Inc. All Rights Reserved.

source mb_design_Huffman_IP_0_0.tcl -notrace
INFO: [IP_Flow 19-234] Refreshing IP repositories
INFO: [IP_Flow 19-1700] Loaded user IP repository 'c:/Gac/Projekty/ip_repo/Huffman_IP_1.0'.
INFO: [IP_Flow 19-2313] Loaded Vivado IP repository 'C:/Xilinx/Vivado/2019.1/data/ip'.
Command: synth_design -top mb_design_Huffman_IP_0_0 -part xc7z020clg484-1 -mode out_of_context
Starting synth_design
Attempting to get a license for feature 'Synthesis' and/or device 'xc7z020'
INFO: [Common 17-349] Got license for feature 'Synthesis' and/or device 'xc7z020'
INFO: [Device 21-403] Loading part xc7z020clg484-1
INFO: Launching helper process for spawning children vivado processes
INFO: Helper process launched with PID 6888 
ERROR: [Synth 8-2715] syntax error near { [c:/gac/projekty/ip_repo/edit_Huffman_IP_v1_0.srcs/sources_1/bd/mb_design/ipshared/9b89/hdl/Huffman_IP_v1_0_S00_AXI.v:453]
ERROR: [Synth 8-2715] syntax error near } [c:/gac/projekty/ip_repo/edit_Huffman_IP_v1_0.srcs/sources_1/bd/mb_design/ipshared/9b89/hdl/Huffman_IP_v1_0_S00_AXI.v:461]
ERROR: [Synth 8-993] enum is an unknown type [c:/gac/projekty/ip_repo/edit_Huffman_IP_v1_0.srcs/sources_1/bd/mb_design/ipshared/9b89/hdl/Huffman_IP_v1_0_S00_AXI.v:461]
ERROR: [Synth 8-1031] INIT is not declared [c:/gac/projekty/ip_repo/edit_Huffman_IP_v1_0.srcs/sources_1/bd/mb_design/ipshared/9b89/hdl/Huffman_IP_v1_0_S00_AXI.v:474]
ERROR: [Synth 8-1031] INIT is not declared [c:/gac/projekty/ip_repo/edit_Huffman_IP_v1_0.srcs/sources_1/bd/mb_design/ipshared/9b89/hdl/Huffman_IP_v1_0_S00_AXI.v:497]
INFO: [Synth 8-2350] module HuffmanEncoder ignored due to previous errors [c:/gac/projekty/ip_repo/edit_Huffman_IP_v1_0.srcs/sources_1/bd/mb_design/ipshared/9b89/hdl/Huffman_IP_v1_0_S00_AXI.v:433]
Failed to read verilog 'c:/gac/projekty/ip_repo/edit_Huffman_IP_v1_0.srcs/sources_1/bd/mb_design/ipshared/9b89/hdl/Huffman_IP_v1_0_S00_AXI.v'
INFO: [Common 17-83] Releasing license: Synthesis
7 Infos, 0 Warnings, 0 Critical Warnings and 6 Errors encountered.
synth_design failed
ERROR: [Common 17-69] Command failed: Synthesis failed - please see the console or run log file for details
INFO: [Common 17-206] Exiting Vivado at Thu Sep  3 11:59:18 2020...
