Vivado Simulator 2019.1
Time resolution is 1 ps
input: {0x71, 0x17, 0x33, 0x17, 0xAB, 0xCF, 0x71, 0x71
input = 0x71, output=00000000
input = 0x17, output=00000001
input = 0x33, output=00000001
input = 0x17, output=00000001
input = 0xAB, output=00000001
input = 0xCF, output=00000001
input = 0x71, output=00000000
input = 0x71, output=00000000
input: {0x71, 0x17, 0x33, 0x17, 0xAB, 0xCF, 0x71, 0x71
input = 0x71, output=00000000
input = 0x17, output=00000001
input = 0x33, output=00000001
input = 0x17, output=00000001
input = 0xAB, output=00000001
input = 0xCF, output=00000001
input = 0x71, output=00000000
input = 0x71, output=00000000
input: {0x71, 0x17, 0x33, 0x17, 0xAB, 0xCF, 0x71, 0x71
input = 0x71, output=00000000
input = 0x17, output=00000001
input = 0x33, output=00000001
input = 0x17, output=00000001
input = 0xAB, output=00000001
input = 0xCF, output=00000001
input = 0x71, output=00000000
input = 0x71, output=00000000
input: {0x71, 0x17, 0x33, 0x17, 0xAB, 0xCF, 0x71, 0x71
input = 0x71, output=00000000
input = 0x17, output=zzzzzzz0
input = 0x33, output=zzzzzzz1
input = 0x17, output=zzzzzzz0
input = 0xAB, output=zzzzzzzz
input = 0xCF, output=zzzzzzzz
input = 0x71, output=00000000
input = 0x71, output=00000000
